<?xml version="1.0" encoding="UTF-8"?>
<!-- Generated by org.testng.reporters.JUnitReportReporter -->
<testsuite hostname="DESKTOP-DPL98V7" failures="0" tests="1" name="test.HomePageTest" time="26.856" errors="0" timestamp="2022-08-25T12:00:47 IST" skipped="0">
  <testcase classname="test.HomePageTest" name="searchStockAndClickBuy" time="26.856"/>
  <system-out/>
</testsuite> <!-- test.HomePageTest -->
